[0.010s] Invoking command in '/home/deepanshu/deepanshu/osrf/ignition_test/build/ignition_test': /usr/local/bin/cmake --build /home/deepanshu/deepanshu/osrf/ignition_test/build/ignition_test -- -j12 -l12
[0.021s] [35m[1mConsolidate compiler generated dependencies of target test_inertia[0m
[0.028s] [ 50%] [32mBuilding CXX object CMakeFiles/test_inertia.dir/test_inertia.cpp.o[0m
[1.224s] [01m[K/home/deepanshu/deepanshu/osrf/ignition_test/test_inertia.cpp:[m[K In function â€˜[01m[Kint main(int, char**)[m[Kâ€™:
[1.224s] [01m[K/home/deepanshu/deepanshu/osrf/ignition_test/test_inertia.cpp:42:50:[m[K [01;31m[Kerror: [m[Kno match for â€˜[01m[Koperator-[m[Kâ€™ (operand types are â€˜[01m[Kignition::math::v6::Inertiald[m[Kâ€™ {aka â€˜[01m[Kignition::math::v6::Inertial<double>[m[Kâ€™} and â€˜[01m[Kignition::math::v6::Inertiald[m[Kâ€™ {aka â€˜[01m[Kignition::math::v6::Inertial<double>[m[Kâ€™})
[1.225s]    42 |      ignition::math::Inertiald inertia_4 = [32m[Ktotal[m[K [01;31m[K-[m[K [34m[Kinertia_2[m[K;
[1.225s]       |                                            [32m[K~~~~~[m[K [01;31m[K^[m[K [34m[K~~~~~~~~~[m[K
[1.225s]       |                                            [32m[K|[m[K       [34m[K|[m[K
[1.225s]       |                                            [32m[K|[m[K       [34m[KInertial<[...]>[m[K
[1.225s]       |                                            [32m[KInertial<[...]>[m[K
[1.700s] make[2]: *** [CMakeFiles/test_inertia.dir/build.make:76: CMakeFiles/test_inertia.dir/test_inertia.cpp.o] Error 1
[1.700s] make[1]: *** [CMakeFiles/Makefile2:83: CMakeFiles/test_inertia.dir/all] Error 2
[1.700s] make: *** [Makefile:91: all] Error 2
[1.702s] Invoked command in '/home/deepanshu/deepanshu/osrf/ignition_test/build/ignition_test' returned '2': /usr/local/bin/cmake --build /home/deepanshu/deepanshu/osrf/ignition_test/build/ignition_test -- -j12 -l12
