-- The C compiler identification is GNU 9.4.0
-- The CXX compiler identification is GNU 9.4.0
-- Detecting C compiler ABI info
-- Detecting C compiler ABI info - done
-- Check for working C compiler: /usr/bin/cc - skipped
-- Detecting C compile features
-- Detecting C compile features - done
-- Detecting CXX compiler ABI info
-- Detecting CXX compiler ABI info - done
-- Check for working CXX compiler: /usr/bin/c++ - skipped
-- Detecting CXX compile features
-- Detecting CXX compile features - done
-- Looking for ignition-math6 -- found version 6.11.0
-- Searching for dependencies of ignition-math6
-- Looking for sdformat12 -- found version 12.5.0
-- Searching for dependencies of sdformat12
-- Checking for module 'tinyxml2'
--   Found tinyxml2, version 6.2.0
-- Looking for ignition-math6 -- found version 6.11.0
-- Looking for ignition-utils1 -- found version 1.4.0
-- Searching for dependencies of ignition-utils1
-- Configuring done
-- Generating done
-- Build files have been written to: /home/deepanshu/deepanshu/osrf/ignition_test/build/ignition_test
[ 50%] [32mBuilding CXX object CMakeFiles/test_inertia.dir/test_inertia.cpp.o[0m
[01m[K/home/deepanshu/deepanshu/osrf/ignition_test/test_inertia.cpp:[m[K In function â€˜[01m[Kint main(int, char**)[m[Kâ€™:
[01m[K/home/deepanshu/deepanshu/osrf/ignition_test/test_inertia.cpp:42:50:[m[K [01;31m[Kerror: [m[Kno match for â€˜[01m[Koperator-[m[Kâ€™ (operand types are â€˜[01m[Kignition::math::v6::Inertiald[m[Kâ€™ {aka â€˜[01m[Kignition::math::v6::Inertial<double>[m[Kâ€™} and â€˜[01m[Kignition::math::v6::Inertiald[m[Kâ€™ {aka â€˜[01m[Kignition::math::v6::Inertial<double>[m[Kâ€™})
   42 |      ignition::math::Inertiald inertia_4 = [32m[Ktotal[m[K [01;31m[K-[m[K [34m[Kinertia_2[m[K;
      |                                            [32m[K~~~~~[m[K [01;31m[K^[m[K [34m[K~~~~~~~~~[m[K
      |                                            [32m[K|[m[K       [34m[K|[m[K
      |                                            [32m[K|[m[K       [34m[KInertial<[...]>[m[K
      |                                            [32m[KInertial<[...]>[m[K
make[2]: *** [CMakeFiles/test_inertia.dir/build.make:76: CMakeFiles/test_inertia.dir/test_inertia.cpp.o] Error 1
make[1]: *** [CMakeFiles/Makefile2:83: CMakeFiles/test_inertia.dir/all] Error 2
make: *** [Makefile:91: all] Error 2
